{
  "content_type": "0x16",
  "version": "[0x03, 0x01]",
  "record_length": "0x01 0x48",
  "handshake_type": "0x01",
  "handshake_length": "[0x00, 0x01, 0x44]",
  "client_version": "[0x03, 0x03]",
  "random": "[0xbd, 0xec, 0x5c, 0xbd, 0xb0, 0x5e, 0x59, 0x74, 0x23, 0xa9, 0x5e, 0x40, 0xfe, 0x59, 0x7b, 0x62, 0x83, 0xa2, 0x12, 0x67, 0xea, 0xf8, 0xd4, 0x5e, 0x59, 0x79, 0xdc, 0xb7, 0xa1, 0x1a, 0x85, 0x80]",
  "session_id_length": "0x20",
  "session_id": "[0xe8, 0xea, 0x20, 0x7a, 0xc6, 0x8d, 0x35, 0x1c, 0xa1, 0x5d, 0x5c, 0x3c, 0x51, 0xb4, 0xfc, 0x67, 0xf8, 0x28, 0xf6, 0x7b, 0xd7, 0x9c, 0xbc, 0x70, 0xf8, 0xb9, 0x9f, 0x20, 0xa9, 0xb8, 0x55, 0xbd]",
  "cipher_suites_length": "0x00 0x14",
  "cipher_suites": "[0x13, 0x02, 0x13, 0x01, 0x13, 0x03, 0xc0, 0x2c, 0xc0, 0x2b, 0xcc, 0xa9, 0xc0, 0x30, 0xc0, 0x2f, 0xcc, 0xa8, 0x00, 0xff]",
  "compression_methods_length": "0x01",
  "compression_methods": "[0x00]",
  "extensions_length": "0x00 0xe7",
  "extensions": [
    {
      "extension_type": "[0x00, 0x17]",
      "extension_length": "[0x00, 0x00]",
      "extension_content": "[]"
    },
    {
      "extension_type": "[0x00, 0x2d]",
      "extension_length": "[0x00, 0x02]",
      "extension_content": "[0x01, 0x01]"
    },
    {
      "extension_type": "[0x00, 0x0b]",
      "extension_length": "[0x00, 0x02]",
      "extension_content": "[0x01, 0x00]"
    },
    {
      "extension_type": "[0x00, 0x0a]",
      "extension_length": "[0x00, 0x08]",
      "extension_content": "[0x00, 0x06, 0x00, 0x1d, 0x00, 0x17, 0x00, 0x18]"
    },
    {
      "extension_type": "[0x00, 0x33]",
      "extension_length": "[0x00, 0x26]",
      "extension_content": "[0x00, 0x24, 0x00, 0x1d, 0x00, 0x20, 0x52, 0x89, 0x07, 0x40, 0xd0, 0xf3, 0xaa, 0xe1, 0x1a, 0xa2, 0xb2, 0x33, 0x61, 0xa1, 0xda, 0xf1, 0x2b, 0xb0, 0x29, 0x20, 0x59, 0x05, 0xd7, 0xf2, 0xe1, 0x94, 0x19, 0x8f, 0x94, 0x0b, 0x21, 0x26]"
    },
    {
      "extension_type": "[0x00, 0x2b]",
      "extension_length": "[0x00, 0x03]",
      "extension_content": "[0x02, 0x03, 0x04]"
    },
    {
      "extension_type": "[0x00, 0x00]",
      "extension_length": "[0x00, 0x14]",
      "extension_content": "[0x00, 0x12, 0x00, 0x00, 0x0f, 0x57, 0x49, 0x4e, 0x2d, 0x41, 0x39, 0x36, 0x32, 0x36, 0x4a, 0x41, 0x54, 0x45, 0x30, 0x50]"
    },
    {
      "extension_type": "[0x00, 0x0d]",
      "extension_length": "[0x00, 0x16]",
      "extension_content": "[0x00, 0x14, 0x05, 0x03, 0x04, 0x03, 0x06, 0x03, 0x08, 0x07, 0x08, 0x06, 0x08, 0x05, 0x08, 0x04, 0x06, 0x01, 0x05, 0x01, 0x04, 0x01]"
    },
    {
      "extension_type": "[0x00, 0x05]",
      "extension_length": "[0x00, 0x05]",
      "extension_content": "[0x01, 0x00, 0x00, 0x00, 0x00]"
    },
    {
      "extension_type": "[0x00, 0x29]",
      "extension_length": "[0x00, 0x5b]",
      "extension_content": "[0x00, 0x26, 0x00, 0x20, 0xb3, 0x3f, 0x00, 0x00, 0x7c, 0x01, 0xed, 0x13, 0xd3, 0xcc, 0xdf, 0x2f, 0xf9, 0xc6, 0x7d, 0x99, 0x6e, 0x56, 0xa0, 0x00, 0x87, 0xbe, 0x9c, 0x1a, 0x96, 0x02, 0x14, 0xfb, 0x54, 0xd5, 0x22, 0x9a, 0xeb, 0x3e, 0x0b, 0x5e, 0x00, 0x31, 0x30, 0x5f, 0xa2, 0x4a, 0x56, 0xa8, 0x69, 0x01, 0x1d, 0x8c, 0x79, 0xe7, 0x20, 0x69, 0xec, 0x5e, 0x4a, 0x6e, 0x1b, 0x26, 0x8c, 0xcc, 0x10, 0xb3, 0x0e, 0x09, 0x08, 0xc5, 0xb8, 0xc0, 0x7e, 0x47, 0x59, 0x83, 0x7d, 0x6b, 0x4c, 0x63, 0x75, 0x38, 0x12, 0x10, 0x78, 0x6d, 0xad, 0xd8, 0x23, 0x96, 0x8a]"
    }
  ]
}
