2024-12-14 09:19:45 TRACE   - Connecting to server at 192.168.41.242:443...
2024-12-14 09:19:45 TRACE   - Waiting for socket to be writable...
2024-12-14 09:19:45 INFO    - Socket is writable. Connection established.
2024-12-14 09:19:45 INFO    - Sending ClientHello message...
2024-12-14 09:19:45 INFO    - ClientHello message sent successfully.
2024-12-14 09:19:45 INFO    - Waiting for server response...
2024-12-14 09:19:45 INFO    - Socket is readable. Receiving server response...
2024-12-14 09:19:45 ERROR   - 远程主机强迫关闭了一个现有的连接。 (os error 10054)
2024-12-14 09:19:45 ERROR   - Session Aborted


2024-12-14 09:19:45 TRACE   - Connecting to server at 192.168.41.242:443...
2024-12-14 09:19:45 TRACE   - Waiting for socket to be writable...
2024-12-14 09:19:45 INFO    - Socket is writable. Connection established.
2024-12-14 09:19:45 INFO    - Sending ClientHello message...
2024-12-14 09:19:45 INFO    - ClientHello message sent successfully.
2024-12-14 09:19:45 INFO    - Waiting for server response...
2024-12-14 09:19:45 INFO    - Socket is readable. Receiving server response...
2024-12-14 09:19:45 INFO    - Received 99 bytes from server
2024-12-14 09:19:45 TRACE   - Connecting to server at 192.168.41.242:443...
2024-12-14 09:19:45 TRACE   - Waiting for socket to be writable...
2024-12-14 09:19:45 INFO    - Socket is writable. Connection established.
2024-12-14 09:19:45 INFO    - Sending ClientHello message...
2024-12-14 09:19:45 INFO    - ClientHello message sent successfully.
2024-12-14 09:19:45 INFO    - Waiting for server response...
2024-12-14 09:19:45 INFO    - Socket is readable. Receiving server response...
2024-12-14 09:19:45 ERROR   - 远程主机强迫关闭了一个现有的连接。 (os error 10054)
2024-12-14 09:19:45 ERROR   - Session Aborted


2024-12-14 09:19:45 TRACE   - Connecting to server at 192.168.41.242:443...
2024-12-14 09:19:45 TRACE   - Waiting for socket to be writable...
2024-12-14 09:19:45 INFO    - Socket is writable. Connection established.
2024-12-14 09:19:45 INFO    - Sending ClientHello message...
2024-12-14 09:19:45 INFO    - ClientHello message sent successfully.
2024-12-14 09:19:45 INFO    - Waiting for server response...
2024-12-14 09:19:45 INFO    - Socket is readable. Receiving server response...
2024-12-14 09:19:45 INFO    - Received 1024 bytes from server
2024-12-14 09:19:45 TRACE   - Connecting to server at 192.168.41.242:443...
2024-12-14 09:19:45 TRACE   - Waiting for socket to be writable...
2024-12-14 09:19:45 INFO    - Socket is writable. Connection established.
2024-12-14 09:19:45 INFO    - Sending ClientHello message...
2024-12-14 09:19:45 INFO    - ClientHello message sent successfully.
2024-12-14 09:19:45 INFO    - Waiting for server response...
2024-12-14 09:19:45 INFO    - Socket is readable. Receiving server response...
2024-12-14 09:19:45 ERROR   - 远程主机强迫关闭了一个现有的连接。 (os error 10054)
2024-12-14 09:19:45 ERROR   - Session Aborted


2024-12-14 09:19:45 TRACE   - Connecting to server at 192.168.41.242:443...
2024-12-14 09:19:45 TRACE   - Waiting for socket to be writable...
2024-12-14 09:19:45 INFO    - Socket is writable. Connection established.
2024-12-14 09:19:45 INFO    - Sending ClientHello message...
2024-12-14 09:19:45 INFO    - ClientHello message sent successfully.
2024-12-14 09:19:45 INFO    - Waiting for server response...
2024-12-14 09:19:45 INFO    - Socket is readable. Receiving server response...
2024-12-14 09:19:45 INFO    - Received 1024 bytes from server
2024-12-14 09:19:45 TRACE   - Connecting to server at 192.168.41.242:443...
2024-12-14 09:19:45 TRACE   - Waiting for socket to be writable...
2024-12-14 09:19:45 INFO    - Socket is writable. Connection established.
2024-12-14 09:19:45 INFO    - Sending ClientHello message...
2024-12-14 09:19:45 INFO    - ClientHello message sent successfully.
2024-12-14 09:19:45 INFO    - Waiting for server response...
2024-12-14 09:19:45 INFO    - Socket is readable. Receiving server response...
2024-12-14 09:19:45 INFO    - Received 1024 bytes from server
2024-12-14 09:19:45 TRACE   - Connecting to server at 192.168.41.242:443...
2024-12-14 09:19:45 TRACE   - Waiting for socket to be writable...
2024-12-14 09:19:45 INFO    - Socket is writable. Connection established.
2024-12-14 09:19:45 INFO    - Sending ClientHello message...
2024-12-14 09:19:45 INFO    - ClientHello message sent successfully.
2024-12-14 09:19:45 INFO    - Waiting for server response...
2024-12-14 09:19:45 INFO    - Socket is readable. Receiving server response...
2024-12-14 09:19:45 INFO    - Received 1024 bytes from server
2024-12-14 09:19:45 TRACE   - Connecting to server at 192.168.41.242:443...
2024-12-14 09:19:45 TRACE   - Waiting for socket to be writable...
2024-12-14 09:19:45 INFO    - Socket is writable. Connection established.
2024-12-14 09:19:45 INFO    - Sending ClientHello message...
2024-12-14 09:19:45 INFO    - ClientHello message sent successfully.
2024-12-14 09:19:45 INFO    - Waiting for server response...
2024-12-14 09:19:45 INFO    - Socket is readable. Receiving server response...
2024-12-14 09:19:45 INFO    - Received 1024 bytes from server
