2024-11-18 12:07:20 TRACE   - Record Layer 1:
2024-11-18 12:07:20 TRACE   -   Content Type: 16 (Handshake)
2024-11-18 12:07:20 TRACE   -   Version: 03 03 (TLS Version)
2024-11-18 12:07:20 TRACE   -   Length: 88 bytes
2024-11-18 12:07:20 TRACE   -   Handshake Protocol:
2024-11-18 12:07:20 INFO    -     Handshake Type: 02 
2024-11-18 12:07:20 TRACE   -     Length: 84 bytes
2024-11-18 12:07:20 TRACE   -     Server Hello:
2024-11-18 12:07:20 TRACE   -       Version: 03 03 (TLS Version)
2024-11-18 12:07:20 TRACE   -       Random: CF 21 AD 74 E5 9A 61 11 BE 1D 8C 02 1E 65 B8 91 C2 A2 11 16 7A BB 8C 5E 07 9E 09 E2 C8 A8 33 9C 
2024-11-18 12:07:20 TRACE   -       Session ID Length: 32 bytes
2024-11-18 12:07:20 TRACE   -       Session ID: 06 17 54 E0 D2 CA 57 98 C8 56 0F DA CA FC FE 81 E3 28 8F 3D DD 2E 43 84 C2 44 C5 BD 53 E3 B3 96 
2024-11-18 12:07:20 TRACE   -       Cipher Suite: 1302 (Cipher Suite Code)
2024-11-18 12:07:20 TRACE   -       Compression Method: 00 (Compression Method)
2024-11-18 12:07:20 TRACE   -       Extensions Length: 12 bytes
2024-11-18 12:07:20 TRACE   -       Extension: supported_versions        (Type: 002B, Length: 0002 (2   bytes))
2024-11-18 12:07:20 TRACE   -       Extension: key_share                 (Type: 0033, Length: 0002 (2   bytes))
2024-11-18 12:07:20 TRACE   - Record Layer 2:
2024-11-18 12:07:20 TRACE   -   Content Type: 14 (Change Cipher Spec)
2024-11-18 12:07:20 TRACE   -   Version: 03 03 (TLS Version)
2024-11-18 12:07:20 TRACE   -   Length: 1 bytes
2024-11-18 12:07:20 TRACE   - 

        
2024-11-18 12:07:20 TRACE   - Record Layer 1:
2024-11-18 12:07:20 TRACE   -   Content Type: 16 (Handshake)
2024-11-18 12:07:20 TRACE   -   Version: 03 03 (TLS Version)
2024-11-18 12:07:20 TRACE   -   Length: 1234 bytes
2024-11-18 12:07:20 TRACE   -   Handshake Protocol:
2024-11-18 12:07:20 INFO    -     Handshake Type: 02 
2024-11-18 12:07:20 TRACE   -     Length: 81 bytes
2024-11-18 12:07:20 TRACE   -     Server Hello:
2024-11-18 12:07:20 TRACE   -       Version: 03 03 (TLS Version)
2024-11-18 12:07:20 TRACE   -       Random: 67 3A BD 7B F6 9C 96 04 EC 76 21 78 A6 3D 32 90 32 5D A4 8B 5B D0 AA 96 44 4F 57 4E 47 52 44 01 
2024-11-18 12:07:20 TRACE   -       Session ID Length: 32 bytes
2024-11-18 12:07:20 TRACE   -       Session ID: 65 03 00 00 46 5E D9 A1 54 89 3E 0B 93 F6 0E D9 D2 AE 28 3D 83 AD 0A F4 0F A7 88 AB 6B 0E 5E 1E 
2024-11-18 12:07:20 TRACE   -       Cipher Suite: C030 (Cipher Suite Code)
2024-11-18 12:07:20 TRACE   -       Compression Method: 00 (Compression Method)
2024-11-18 12:07:20 TRACE   -       Extensions Length: 9 bytes
2024-11-18 12:07:20 TRACE   -       Extension: extended_master_secret    (Type: 0017, Length: 0000 (0   bytes))
2024-11-18 12:07:20 TRACE   -       Extension: renegotiation_info        (Type: FF01, Length: 0001 (1   bytes))
2024-11-18 12:07:20 TRACE   -   Handshake Protocol:
2024-11-18 12:07:20 INFO    -     Handshake Type: 0B (Certificate)
2024-11-18 12:07:20 TRACE   -     Length: 776 bytes
2024-11-18 12:07:20 TRACE   -   Certificates Length: 776 bytes
2024-11-18 12:07:20 TRACE   -     Certificate 01 (Length: 770 bytes)
2024-11-18 12:07:20 TRACE   -   Handshake Protocol:
2024-11-18 12:07:20 INFO    -     Handshake Type: 0C (Server Key Exchange)
2024-11-18 12:07:20 TRACE   -     Length: 361 bytes
2024-11-18 12:07:20 TRACE   -   Server Key Exchange:
2024-11-18 12:07:20 TRACE   -     Length: 361 bytes
2024-11-18 12:07:20 TRACE   -     Curve Type: 03
2024-11-18 12:07:20 TRACE   -     Named Curve: 0018
2024-11-18 12:07:20 TRACE   -     Public Key Length: 97 bytes
2024-11-18 12:07:20 TRACE   -     Signature Algorithm: 0804
2024-11-18 12:07:20 TRACE   -     Signature Length: 0100
2024-11-18 12:07:20 TRACE   - 

        
2024-11-18 12:07:20 TRACE   - Record Layer 1:
2024-11-18 12:07:20 TRACE   -   Content Type: 16 (Handshake)
2024-11-18 12:07:20 TRACE   -   Version: 03 03 (TLS Version)
2024-11-18 12:07:20 TRACE   -   Length: 122 bytes
2024-11-18 12:07:20 TRACE   -   Handshake Protocol:
2024-11-18 12:07:20 INFO    -     Handshake Type: 02 
2024-11-18 12:07:20 TRACE   -     Length: 118 bytes
2024-11-18 12:07:20 TRACE   -     Server Hello:
2024-11-18 12:07:20 TRACE   -       Version: 03 03 (TLS Version)
2024-11-18 12:07:20 TRACE   -       Random: 98 77 9E A6 39 38 53 C7 FB FF CC C9 C3 02 FC F4 DC FB 81 30 F4 BB 71 19 F4 E2 4F 64 0E FF 64 3F 
2024-11-18 12:07:20 TRACE   -       Session ID Length: 32 bytes
2024-11-18 12:07:20 TRACE   -       Session ID: 06 17 54 E0 D2 CA 57 98 C8 56 0F DA CA FC FE 81 E3 28 8F 3D DD 2E 43 84 C2 44 C5 BD 53 E3 B3 96 
2024-11-18 12:07:20 TRACE   -       Cipher Suite: 1302 (Cipher Suite Code)
2024-11-18 12:07:20 TRACE   -       Compression Method: 00 (Compression Method)
2024-11-18 12:07:20 TRACE   -       Extensions Length: 46 bytes
2024-11-18 12:07:20 TRACE   -       Extension: supported_versions        (Type: 002B, Length: 0002 (2   bytes))
2024-11-18 12:07:20 TRACE   -       Extension: key_share                 (Type: 0033, Length: 0024 (36  bytes))
2024-11-18 12:07:20 TRACE   - Record Layer 2:
2024-11-18 12:07:20 TRACE   -   Content Type: 14 (Change Cipher Spec)
2024-11-18 12:07:20 TRACE   -   Version: 03 03 (TLS Version)
2024-11-18 12:07:20 TRACE   -   Length: 1 bytes
2024-11-18 12:07:20 TRACE   - Record Layer 3:
2024-11-18 12:07:20 TRACE   -   Content Type: 17 (Application Data)
2024-11-18 12:07:20 TRACE   -   Version: 03 03 (TLS Version)
2024-11-18 12:07:20 TRACE   -   Length: 1122 bytes
2024-11-18 12:07:20 TRACE   - 

        
2024-11-18 12:07:20 TRACE   - Record Layer 1:
2024-11-18 12:07:20 TRACE   -   Content Type: 16 (Handshake)
2024-11-18 12:07:20 TRACE   -   Version: 03 03 (TLS Version)
2024-11-18 12:07:20 TRACE   -   Length: 122 bytes
2024-11-18 12:07:20 TRACE   -   Handshake Protocol:
2024-11-18 12:07:20 INFO    -     Handshake Type: 02 
2024-11-18 12:07:20 TRACE   -     Length: 118 bytes
2024-11-18 12:07:20 TRACE   -     Server Hello:
2024-11-18 12:07:20 TRACE   -       Version: 03 03 (TLS Version)
2024-11-18 12:07:20 TRACE   -       Random: C1 E3 F2 C4 FA 02 4E 27 63 FB FD F6 BA F1 75 60 1D 93 09 FF 8E FE CD 32 87 05 2F 90 8F D2 EE B7 
2024-11-18 12:07:20 TRACE   -       Session ID Length: 32 bytes
2024-11-18 12:07:20 TRACE   -       Session ID: 06 17 54 E0 D2 CA 57 98 C8 56 0F DA CA FC FE 81 E3 28 8F 3D DD 2E 43 84 C2 44 C5 BD 53 E3 B3 96 
2024-11-18 12:07:20 TRACE   -       Cipher Suite: 1302 (Cipher Suite Code)
2024-11-18 12:07:20 TRACE   -       Compression Method: 00 (Compression Method)
2024-11-18 12:07:20 TRACE   -       Extensions Length: 46 bytes
2024-11-18 12:07:20 TRACE   -       Extension: supported_versions        (Type: 002B, Length: 0002 (2   bytes))
2024-11-18 12:07:20 TRACE   -       Extension: key_share                 (Type: 0033, Length: 0024 (36  bytes))
2024-11-18 12:07:20 TRACE   - Record Layer 2:
2024-11-18 12:07:20 TRACE   -   Content Type: 14 (Change Cipher Spec)
2024-11-18 12:07:20 TRACE   -   Version: 03 03 (TLS Version)
2024-11-18 12:07:20 TRACE   -   Length: 1 bytes
2024-11-18 12:07:20 TRACE   - Record Layer 3:
2024-11-18 12:07:20 TRACE   -   Content Type: 17 (Application Data)
2024-11-18 12:07:20 TRACE   -   Version: 03 03 (TLS Version)
2024-11-18 12:07:20 TRACE   -   Length: 1122 bytes
2024-11-18 12:07:20 TRACE   - 

        
2024-11-18 12:07:20 TRACE   - Record Layer 1:
2024-11-18 12:07:20 TRACE   -   Content Type: 16 (Handshake)
2024-11-18 12:07:20 TRACE   -   Version: 03 03 (TLS Version)
2024-11-18 12:07:20 TRACE   -   Length: 122 bytes
2024-11-18 12:07:20 TRACE   -   Handshake Protocol:
2024-11-18 12:07:20 INFO    -     Handshake Type: 02 
2024-11-18 12:07:20 TRACE   -     Length: 118 bytes
2024-11-18 12:07:20 TRACE   -     Server Hello:
2024-11-18 12:07:20 TRACE   -       Version: 03 03 (TLS Version)
2024-11-18 12:07:20 TRACE   -       Random: FC 63 E8 26 EE 1E EE F8 A9 FA 26 3F 22 DE 83 1F EB 54 7E BE FE 16 35 60 86 7A 61 BB 2F A9 02 84 
2024-11-18 12:07:20 TRACE   -       Session ID Length: 32 bytes
2024-11-18 12:07:20 TRACE   -       Session ID: 06 17 54 E0 D2 CA 57 98 C8 56 0F DA CA FC FE 81 E3 28 8F 3D DD 2E 43 84 C2 44 C5 BD 53 E3 B3 96 
2024-11-18 12:07:20 TRACE   -       Cipher Suite: 1302 (Cipher Suite Code)
2024-11-18 12:07:20 TRACE   -       Compression Method: 00 (Compression Method)
2024-11-18 12:07:20 TRACE   -       Extensions Length: 46 bytes
2024-11-18 12:07:20 TRACE   -       Extension: supported_versions        (Type: 002B, Length: 0002 (2   bytes))
2024-11-18 12:07:20 TRACE   -       Extension: key_share                 (Type: 0033, Length: 0024 (36  bytes))
2024-11-18 12:07:20 TRACE   - Record Layer 2:
2024-11-18 12:07:20 TRACE   -   Content Type: 14 (Change Cipher Spec)
2024-11-18 12:07:20 TRACE   -   Version: 03 03 (TLS Version)
2024-11-18 12:07:20 TRACE   -   Length: 1 bytes
2024-11-18 12:07:20 TRACE   - Record Layer 3:
2024-11-18 12:07:20 TRACE   -   Content Type: 17 (Application Data)
2024-11-18 12:07:20 TRACE   -   Version: 03 03 (TLS Version)
2024-11-18 12:07:20 TRACE   -   Length: 1122 bytes
2024-11-18 12:07:20 TRACE   - 

        
2024-11-18 12:07:20 TRACE   - Record Layer 1:
2024-11-18 12:07:20 TRACE   -   Content Type: 16 (Handshake)
2024-11-18 12:07:20 TRACE   -   Version: 03 03 (TLS Version)
2024-11-18 12:07:20 TRACE   -   Length: 122 bytes
2024-11-18 12:07:20 TRACE   -   Handshake Protocol:
2024-11-18 12:07:20 INFO    -     Handshake Type: 02 
2024-11-18 12:07:20 TRACE   -     Length: 118 bytes
2024-11-18 12:07:20 TRACE   -     Server Hello:
2024-11-18 12:07:20 TRACE   -       Version: 03 03 (TLS Version)
2024-11-18 12:07:20 TRACE   -       Random: 7A 92 66 11 D1 C4 4D 85 F1 1B 92 BD 49 F6 27 44 AE FD 67 4B A7 CE D1 29 7A B9 F3 36 EE 42 9B 93 
2024-11-18 12:07:20 TRACE   -       Session ID Length: 32 bytes
2024-11-18 12:07:20 TRACE   -       Session ID: 06 17 54 E0 D2 CA 57 98 C8 56 0F DA CA FC FE 81 E3 28 8F 3D DD 2E 43 84 C2 44 C5 BD 53 E3 B3 96 
2024-11-18 12:07:20 TRACE   -       Cipher Suite: 1302 (Cipher Suite Code)
2024-11-18 12:07:20 TRACE   -       Compression Method: 00 (Compression Method)
2024-11-18 12:07:20 TRACE   -       Extensions Length: 46 bytes
2024-11-18 12:07:20 TRACE   -       Extension: supported_versions        (Type: 002B, Length: 0002 (2   bytes))
2024-11-18 12:07:20 TRACE   -       Extension: key_share                 (Type: 0033, Length: 0024 (36  bytes))
2024-11-18 12:07:20 TRACE   - Record Layer 2:
2024-11-18 12:07:20 TRACE   -   Content Type: 14 (Change Cipher Spec)
2024-11-18 12:07:20 TRACE   -   Version: 03 03 (TLS Version)
2024-11-18 12:07:20 TRACE   -   Length: 1 bytes
2024-11-18 12:07:20 TRACE   - Record Layer 3:
2024-11-18 12:07:20 TRACE   -   Content Type: 17 (Application Data)
2024-11-18 12:07:20 TRACE   -   Version: 03 03 (TLS Version)
2024-11-18 12:07:20 TRACE   -   Length: 1122 bytes
2024-11-18 12:07:20 TRACE   - 

        
